<?xml version="1.0" encoding="UTF-8"?>
<!-- Generated by org.testng.reporters.JUnitReportReporter -->
<testsuite skipped="0" hostname="user-PC" name="maventest.seleniumTest" tests="2" failures="0" timestamp="2019-12-14T18:48:59 IST" time="0.000" errors="0">
  <testcase name="browserautomated" time="0.000" classname="maventest.seleniumTest"/>
  <testcase name="elemnetsui" time="0.000" classname="maventest.seleniumTest"/>
</testsuite> <!-- maventest.seleniumTest -->
