<?xml version="1.0" encoding="UTF-8"?>
<!-- Generated by org.testng.reporters.JUnitReportReporter -->
<testsuite skipped="0" hostname="user-PC" name="maventest.restapiTest" tests="2" failures="0" timestamp="2019-12-14T18:48:59 IST" time="0.009" errors="0">
  <testcase name="deletetwitter" time="0.008" classname="maventest.restapiTest"/>
  <testcase name="postjira" time="0.001" classname="maventest.restapiTest"/>
</testsuite> <!-- maventest.restapiTest -->
