<?xml version="1.0" encoding="UTF-8"?>
<!-- Generated by org.testng.reporters.JUnitReportReporter -->
<testsuite skipped="0" hostname="user-PC" name="maventest.appiumTest" tests="2" failures="0" timestamp="2019-12-14T18:48:06 IST" time="0.003" errors="0">
  <testcase name="iosapp" time="0.003" classname="maventest.appiumTest"/>
  <testcase name="nativeandroid" time="0.000" classname="maventest.appiumTest"/>
</testsuite> <!-- maventest.appiumTest -->
